<?xml version="1.0" encoding="UTF-8"?>
<!-- Generated by org.testng.reporters.JUnitXMLReporter -->
<testsuite ignored="0" hostname="DESKTOP-T1PL2IG" failures="0" tests="7" name="Default test" time="47.574" errors="0" timestamp="2025-07-08T15:59:48 IST">
  <testcase classname="modulepackage.Pom_project.TC_008_filter_price" name="Search_Product_And_vaildate_Search_product" time="8.476"/>
  <testcase classname="modulepackage.Pom_project.TC_008_filter_price" name="get_the_first_product_price" time="0.221"/>
  <testcase classname="modulepackage.Pom_project.TC_008_filter_price" name="select_filter_price_low_to_high" time="5.898"/>
  <testcase classname="modulepackage.Pom_project.TC_008_filter_price" name="get_the_first_product_price_after_filter" time="0.615"/>
  <testcase classname="modulepackage.Pom_project.TC_008_filter_price" name="compare_price" time="0.07"/>
  <testcase classname="modulepackage.Pom_project.TC_008_filter_price" name="select_filter_avg_coustmer_rating" time="8.714"/>
  <testcase classname="modulepackage.Pom_project.TC_008_filter_price" name="verified_avg_customer_rating_drowpdown_selected" time="5.0"/>
</testsuite> <!-- Default test -->
