<?xml version="1.0" encoding="UTF-8"?>
<!-- Generated by org.testng.reporters.JUnitXMLReporter -->
<testsuite ignored="0" hostname="DESKTOP-T1PL2IG" failures="0" tests="2" name="Default test" time="21.974" errors="0" timestamp="2025-07-01T13:49:10 IST">
  <testcase classname="modulepackage.Pom_project.TC_search_product" name="Search_Product_And_vaildate_Search_product" time="8.134"/>
  <testcase classname="modulepackage.Pom_project.TC_search_product" name="Vaildate_The_Count_Of_Search_Product" time="0.278"/>
</testsuite> <!-- Default test -->
