<?xml version="1.0" encoding="UTF-8"?>
<!-- Generated by org.testng.reporters.JUnitXMLReporter -->
<testsuite ignored="0" hostname="DESKTOP-T1PL2IG" failures="0" tests="9" name="Test" time="60.314" errors="0" timestamp="2025-07-10T13:35:46 IST">
  <testcase classname="modulepackage.Pom_project.TC_005_search_product" name="Search_Product_And_vaildate_Search_product" time="5.011"/>
  <testcase classname="modulepackage.Pom_project.TC_005_search_product" name="Vaildate_The_Count_Of_Search_Product" time="1.188"/>
  <testcase classname="modulepackage.Pom_project.TC_0013_promo_code" name="hover_element" time="2.233"/>
  <testcase classname="modulepackage.Pom_project.TC_0013_promo_code" name="enter_vaild_cred_and_validate_username" time="2.598"/>
  <testcase classname="modulepackage.Pom_project.TC_0013_promo_code" name="Search_Product_And_vaildate_Search_product" time="5.034"/>
  <testcase classname="modulepackage.Pom_project.TC_0013_promo_code" name="click_on_first_product" time="7.287"/>
  <testcase classname="modulepackage.Pom_project.TC_0013_promo_code" name="click_on_add_to_cart_proceed_to_buy" time="8.738"/>
  <testcase classname="modulepackage.Pom_project.TC_0013_promo_code" name="check_promo_code_applied" time="0.445"/>
  <testcase classname="modulepackage.Pom_project.TC_0013_promo_code" name="verfiy_promo_code_msg" time="1.661"/>
</testsuite> <!-- Test -->
