<?xml version="1.0" encoding="UTF-8"?>
<!-- Generated by org.testng.reporters.JUnitXMLReporter -->
<testsuite ignored="0" hostname="DESKTOP-T1PL2IG" failures="0" tests="9" name="Test" time="90.485" errors="0" timestamp="2025-07-11T14:35:27 IST">
  <testcase classname="modulepackage.Pom_project.TC_005_search_product" name="Search_Product_And_vaildate_Search_product" time="5.945"/>
  <testcase classname="modulepackage.Pom_project.TC_005_search_product" name="Vaildate_The_Count_Of_Search_Product" time="1.488"/>
  <testcase classname="modulepackage.Pom_project.TC_0013_promo_code" name="hover_element" time="3.585"/>
  <testcase classname="modulepackage.Pom_project.TC_0013_promo_code" name="enter_vaild_cred_and_validate_username" time="2.416"/>
  <testcase classname="modulepackage.Pom_project.TC_0013_promo_code" name="Search_Product_And_vaildate_Search_product" time="10.239"/>
  <testcase classname="modulepackage.Pom_project.TC_0013_promo_code" name="click_on_first_product" time="11.7"/>
  <testcase classname="modulepackage.Pom_project.TC_0013_promo_code" name="click_on_add_to_cart_proceed_to_buy" time="11.053"/>
  <testcase classname="modulepackage.Pom_project.TC_0013_promo_code" name="check_promo_code_applied" time="0.569"/>
  <testcase classname="modulepackage.Pom_project.TC_0013_promo_code" name="verfiy_promo_code_msg" time="1.513"/>
</testsuite> <!-- Test -->
