<?xml version="1.0" encoding="UTF-8"?>
<testsuite xmlns:xsi="http://www.w3.org/2001/XMLSchema-instance" xsi:noNamespaceSchemaLocation="https://maven.apache.org/surefire/maven-surefire-plugin/xsd/surefire-test-report.xsd" version="3.0.2" name="TestSuite" time="91.755" tests="9" errors="0" skipped="0" failures="0">
  <properties>
[...]
</properties>
  <testcase name="Search_Product_And_vaildate_Search_product[toy](1)" classname="modulepackage.Pom_project.TC_005_search_product" time="5.935">
    <system-out><![CDATA[2025-07-11T09:04:15.316642100Z main ERROR Log4j API could not find a logging provider.
toy
toy
]]></system-out>
    <system-err><![CDATA[SLF4J: Failed to load class "org.slf4j.impl.StaticLoggerBinder".
SLF4J: Defaulting to no-operation (NOP) logger implementation
SLF4J: See http://www.slf4j.org/codes.html#StaticLoggerBinder for further details.
Jul 11, 2025 2:34:09 PM org.openqa.selenium.devtools.CdpVersionFinder findNearestMatch
WARNING: Unable to find an exact match for CDP version 138, returning the closest version; found: 136; Please update to a Selenium version that supports CDP version 138
]]></system-err>
  </testcase>
  <testcase name="Vaildate_The_Count_Of_Search_Product" classname="modulepackage.Pom_project.TC_005_search_product" time="1.488"/>
  <testcase name="hover_element" classname="modulepackage.Pom_project.TC_0013_promo_code" time="3.585">
    <system-err><![CDATA[Jul 11, 2025 2:34:27 PM org.openqa.selenium.remote.http.WebSocket$Listener onError
WARNING: Connection reset
java.net.SocketException: Connection reset
	at java.base/sun.nio.ch.SocketChannelImpl.throwConnectionReset(SocketChannelImpl.java:401)
	at java.base/sun.nio.ch.SocketChannelImpl.read(SocketChannelImpl.java:434)
	at java.net.http/jdk.internal.net.http.SocketTube.readAvailable(SocketTube.java:1178)
	at java.net.http/jdk.internal.net.http.SocketTube$InternalReadPublisher$InternalReadSubscription.read(SocketTube.java:841)
	at java.net.http/jdk.internal.net.http.SocketTube$SocketFlowTask.run(SocketTube.java:181)
	at java.net.http/jdk.internal.net.http.common.SequentialScheduler$SchedulableTask.run(SequentialScheduler.java:207)
	at java.net.http/jdk.internal.net.http.common.SequentialScheduler.runOrSchedule(SequentialScheduler.java:280)
	at java.net.http/jdk.internal.net.http.common.SequentialScheduler.runOrSchedule(SequentialScheduler.java:233)
	at java.net.http/jdk.internal.net.http.SocketTube$InternalReadPublisher$InternalReadSubscription.signalReadable(SocketTube.java:782)
	at java.net.http/jdk.internal.net.http.SocketTube$InternalReadPublisher$ReadEvent.signalEvent(SocketTube.java:965)
	at java.net.http/jdk.internal.net.http.SocketTube$SocketFlowEvent.handle(SocketTube.java:253)
	at java.net.http/jdk.internal.net.http.HttpClientImpl$SelectorManager.handleEvent(HttpClientImpl.java:1469)
	at java.net.http/jdk.internal.net.http.HttpClientImpl$SelectorManager.lambda$run$3(HttpClientImpl.java:1414)
	at java.base/java.util.ArrayList.forEach(ArrayList.java:1596)
	at java.net.http/jdk.internal.net.http.HttpClientImpl$SelectorManager.run(HttpClientImpl.java:1414)

Jul 11, 2025 2:34:30 PM org.openqa.selenium.devtools.CdpVersionFinder findNearestMatch
WARNING: Unable to find an exact match for CDP version 138, returning the closest version; found: 136; Please update to a Selenium version that supports CDP version 138
]]></system-err>
  </testcase>
  <testcase name="enter_vaild_cred_and_validate_username[9131899877, 9131899877, zafar](1)" classname="modulepackage.Pom_project.TC_0013_promo_code" time="2.418"/>
  <testcase name="Search_Product_And_vaildate_Search_product[toy](1)" classname="modulepackage.Pom_project.TC_0013_promo_code" time="10.236">
    <system-out><![CDATA[toy
toy
]]></system-out>
  </testcase>
  <testcase name="click_on_first_product" classname="modulepackage.Pom_project.TC_0013_promo_code" time="11.696"/>
  <testcase name="click_on_add_to_cart_proceed_to_buy" classname="modulepackage.Pom_project.TC_0013_promo_code" time="11.02"/>
  <testcase name="check_promo_code_applied" classname="modulepackage.Pom_project.TC_0013_promo_code" time="0.572"/>
  <testcase name="verfiy_promo_code_msg" classname="modulepackage.Pom_project.TC_0013_promo_code" time="1.514">
    <system-out><![CDATA[The promotional code you entered is not valid.
]]></system-out>
  </testcase>
</testsuite>