<?xml version="1.0" encoding="UTF-8"?>
<testng-results ignored="0" total="2" passed="2" failed="0" skipped="0">
  <reporter-output>
    <line>
      <![CDATA[Search the product and validate the search product]]>
    </line>
    <line>
      <![CDATA[validate the search result count should be greater than 3]]>
    </line>
  </reporter-output>
  <suite started-at="2025-07-01T13:48:48 IST" name="Default suite" finished-at="2025-07-01T13:49:10 IST" duration-ms="21974">
    <groups>
    </groups>
    <test started-at="2025-07-01T13:48:48 IST" name="Default test" finished-at="2025-07-01T13:49:10 IST" duration-ms="21974">
      <class name="modulepackage.Pom_project.TC_search_product">
        <test-method is-config="true" signature="launch_browser()[pri:0, instance:modulepackage.Pom_project.TC_search_product@752325ad]" started-at="2025-07-01T13:48:48 IST" name="launch_browser" finished-at="2025-07-01T13:48:56 IST" duration-ms="8280" status="PASS">
          <reporter-output>
          </reporter-output>
        </test-method> <!-- launch_browser -->
        <test-method signature="Search_Product_And_vaildate_Search_product(java.lang.String)[pri:0, instance:modulepackage.Pom_project.TC_search_product@752325ad]" started-at="2025-07-01T13:48:59 IST" name="Search_Product_And_vaildate_Search_product" data-provider="search_data" finished-at="2025-07-01T13:49:07 IST" duration-ms="8134" status="PASS">
          <params>
            <param index="0">
              <value>
                <![CDATA[toy]]>
              </value>
            </param>
          </params>
          <reporter-output>
            <line>
              <![CDATA[Search the product and validate the search product]]>
            </line>
          </reporter-output>
        </test-method> <!-- Search_Product_And_vaildate_Search_product -->
        <test-method signature="Vaildate_The_Count_Of_Search_Product()[pri:1, instance:modulepackage.Pom_project.TC_search_product@752325ad]" started-at="2025-07-01T13:49:08 IST" name="Vaildate_The_Count_Of_Search_Product" finished-at="2025-07-01T13:49:09 IST" duration-ms="278" status="PASS">
          <reporter-output>
            <line>
              <![CDATA[validate the search result count should be greater than 3]]>
            </line>
          </reporter-output>
        </test-method> <!-- Vaildate_The_Count_Of_Search_Product -->
        <test-method is-config="true" signature="close_brower()[pri:0, instance:modulepackage.Pom_project.TC_search_product@752325ad]" started-at="2025-07-01T13:49:09 IST" name="close_brower" finished-at="2025-07-01T13:49:10 IST" duration-ms="623" status="PASS">
          <reporter-output>
          </reporter-output>
        </test-method> <!-- close_brower -->
      </class> <!-- modulepackage.Pom_project.TC_search_product -->
    </test> <!-- Default test -->
  </suite> <!-- Default suite -->
</testng-results>
